2026-06-27T19:26:21.876-03:00  INFO 28644 --- [main] com.visus.central.CentralApplication     : Starting CentralApplication using Java 25 with PID 28644 (D:\workspaces\java\workspace_main\central\target\classes started by Usuario in D:\workspaces\java\workspace_main\central)
2026-06-27T19:26:21.880-03:00 DEBUG 28644 --- [main] com.visus.central.CentralApplication     : Running with Spring Boot v4.1.0, Spring v7.0.8
2026-06-27T19:26:21.880-03:00  INFO 28644 --- [main] com.visus.central.CentralApplication     : The following 1 profile is active: "dev"
2026-06-27T19:26:22.687-03:00  INFO 28644 --- [main] .s.d.r.c.RepositoryConfigurationDelegate : Bootstrapping Spring Data JPA repositories in DEFAULT mode.
2026-06-27T19:26:22.831-03:00  INFO 28644 --- [main] .s.d.r.c.RepositoryConfigurationDelegate : Finished Spring Data repository scanning in 138 ms. Found 36 JPA repository interfaces.
2026-06-27T19:26:23.231-03:00  INFO 28644 --- [main] o.s.boot.tomcat.TomcatWebServer          : Tomcat initialized with port 8090 (http)
2026-06-27T19:26:23.242-03:00  INFO 28644 --- [main] o.apache.catalina.core.StandardService   : Starting service [Tomcat]
2026-06-27T19:26:23.242-03:00  INFO 28644 --- [main] o.apache.catalina.core.StandardEngine    : Starting Servlet engine: [Apache Tomcat/11.0.22]
2026-06-27T19:26:23.290-03:00  INFO 28644 --- [main] b.w.c.s.WebApplicationContextInitializer : Root WebApplicationContext: initialization completed in 1374 ms
2026-06-27T19:26:25.452-03:00  INFO 28644 --- [main] c.v.f.s.VaadinServletContextInitializer  : Search for subclasses and classes with annotations took 1474 ms
2026-06-27T19:26:25.528-03:00  INFO 28644 --- [main] c.v.b.d.startup.DevModeStartupListener   : Starting dev-mode updaters in D:\workspaces\java\workspace_main\central folder.
2026-06-27T19:26:25.553-03:00  INFO 28644 --- [main] c.v.f.s.f.s.FullDependenciesScanner      : Visited 174 classes. Took 15 ms.
2026-06-27T19:26:25.554-03:00  INFO 28644 --- [main] c.v.f.s.frontend.BundleValidationUtil    : Checking if a development mode bundle build is needed
2026-06-27T19:26:25.836-03:00  INFO 28644 --- [main] c.v.f.s.frontend.BundleValidationUtil    : A development mode bundle build is not needed
2026-06-27T19:26:25.863-03:00  INFO 28644 --- [vaadin-dev-server-1] c.v.f.s.frontend.TaskCopyFrontendFiles   : Copying frontend resources from jar files ...
2026-06-27T19:26:26.038-03:00  WARN 28644 --- [main] com.zaxxer.hikari.HikariConfig           : HikariPool-1 - idleTimeout has been set but has no effect because the pool is operating as a fixed size pool.
2026-06-27T19:26:26.038-03:00  INFO 28644 --- [main] com.zaxxer.hikari.HikariDataSource       : HikariPool-1 - Starting...
2026-06-27T19:26:26.488-03:00  INFO 28644 --- [main] com.zaxxer.hikari.pool.HikariPool        : HikariPool-1 - Added connection org.postgresql.jdbc.PgConnection@7182ecb6
2026-06-27T19:26:26.489-03:00  INFO 28644 --- [main] com.zaxxer.hikari.HikariDataSource       : HikariPool-1 - Start completed.
2026-06-27T19:26:26.525-03:00  INFO 28644 --- [main] org.flywaydb.core.FlywayExecutor         : Database: jdbc:postgresql://10.144.239.221:5432/visus (PostgreSQL 15.14)
2026-06-27T19:26:26.956-03:00  INFO 28644 --- [vaadin-dev-server-1] c.v.f.s.frontend.TaskCopyFrontendFiles   : Visited 20 resources. Took 1092 ms.
2026-06-27T19:26:27.121-03:00  INFO 28644 --- [main] o.f.core.internal.command.DbValidate     : Successfully validated 17 migrations (execution time 00:00.196s)
2026-06-27T19:26:27.441-03:00  INFO 28644 --- [main] o.f.core.internal.command.DbMigrate      : Current version of schema "public": 16
2026-06-27T19:26:27.469-03:00  INFO 28644 --- [main] o.f.core.internal.command.DbMigrate      : Schema "public" is up to date. No migration necessary.
2026-06-27T19:26:27.672-03:00  INFO 28644 --- [main] org.hibernate.orm.jpa                    : HHH008540: Processing PersistenceUnitInfo [name: default]
2026-06-27T19:26:27.700-03:00  INFO 28644 --- [main] org.hibernate.orm.core                   : HHH000001: Hibernate ORM core version 7.4.1.Final
2026-06-27T19:26:27.875-03:00  INFO 28644 --- [main] o.s.o.j.p.SpringPersistenceUnitInfo      : No LoadTimeWeaver setup: ignoring JPA class transformer
2026-06-27T19:26:27.929-03:00  WARN 28644 --- [main] org.hibernate.orm.deprecation            : HHH90000025: PostgreSQLDialect does not need to be specified explicitly using 'hibernate.dialect' (remove the property setting and it will be selected by default)
2026-06-27T19:26:28.015-03:00  INFO 28644 --- [main] org.hibernate.orm.connections.pooling    : HHH10001005: Database info:
	Database JDBC URL [jdbc:postgresql://10.144.239.221:5432/visus]
	Database driver: PostgreSQL JDBC Driver
	Database dialect: PostgreSQLDialect
	Database version: 15.14
	Default catalog/schema: visus/public
	Autocommit mode: undefined/unknown
	Isolation level: READ_COMMITTED [default READ_COMMITTED]
	JDBC fetch size: none
	Pool: DataSourceConnectionProvider
	Minimum pool size: undefined/unknown
	Maximum pool size: undefined/unknown
2026-06-27T19:26:28.702-03:00  INFO 28644 --- [main] org.hibernate.orm.core                   : HHH000489: No JTA platform available (set 'hibernate.transaction.jta.platform' to enable JTA platform integration)
2026-06-27T19:26:28.706-03:00  INFO 28644 --- [main] j.LocalContainerEntityManagerFactoryBean : Initialized JPA EntityManagerFactory for persistence unit 'default'
2026-06-27T19:26:28.745-03:00  INFO 28644 --- [main] o.s.d.j.r.query.QueryEnhancerFactories   : Hibernate is in classpath; If applicable, HQL parser will be used.
2026-06-27T19:26:29.678-03:00  INFO 28644 --- [main] c.v.c.i.util.ViewScannerService          : Skipping excluded view: com.visus.central.ui.view.DepartamentoView
2026-06-27T19:26:29.680-03:00  INFO 28644 --- [main] c.v.c.i.util.ViewScannerService          : Skipping excluded view: com.visus.central.ui.view.ProveedoresCrud
2026-06-27T19:26:29.681-03:00  INFO 28644 --- [main] c.v.c.i.util.ViewScannerService          : Registered 29 views for permission control
2026-06-27T19:26:29.741-03:00 DEBUG 28644 --- [main] org.hibernate.SQL                        : select jpve1_0.id,jpve1_0.puede_ver,jpve1_0.usuario_id,jpve1_0.vista_clase from permisos_usuario jpve1_0
2026-06-27T19:26:29.831-03:00  WARN 28644 --- [main] JpaBaseConfiguration$JpaWebConfiguration : spring.jpa.open-in-view is enabled by default. Therefore, database queries may be performed during view rendering. Explicitly configure spring.jpa.open-in-view to disable this warning
2026-06-27T19:26:29.864-03:00  WARN 28644 --- [main] .s.a.UserDetailsServiceAutoConfiguration : 

Using generated security password: c9423b15-1977-4336-a6a0-f19e469c290f

This generated password is for development use only. Your security configuration must be updated before running your application in production.

2026-06-27T19:26:29.868-03:00  INFO 28644 --- [main] r$InitializeUserDetailsManagerConfigurer : Global AuthenticationManager configured with UserDetailsService bean with name inMemoryUserDetailsManager
2026-06-27T19:26:30.129-03:00  INFO 28644 --- [main] o.s.b.a.e.web.EndpointLinksResolver      : Exposing 1 endpoint beneath base path '/actuator'
2026-06-27T19:26:30.147-03:00  INFO 28644 --- [main] org.atmosphere.cpr.AtmosphereFramework   : Installed AtmosphereHandler com.vaadin.flow.server.communication.PushAtmosphereHandler mapped to context-path: /*
2026-06-27T19:26:30.147-03:00  INFO 28644 --- [main] org.atmosphere.cpr.AtmosphereFramework   : Installed the following AtmosphereInterceptor mapped to AtmosphereHandler com.vaadin.flow.server.communication.PushAtmosphereHandler
2026-06-27T19:26:30.161-03:00  INFO 28644 --- [main] org.atmosphere.cpr.AtmosphereFramework   : Atmosphere is using org.atmosphere.util.VoidAnnotationProcessor for processing annotation
2026-06-27T19:26:30.164-03:00  INFO 28644 --- [main] org.atmosphere.util.ForkJoinPool         : Using ForkJoinPool  java.util.concurrent.ForkJoinPool. Set the org.atmosphere.cpr.broadcaster.maxAsyncWriteThreads to -1 to fully use its power.
2026-06-27T19:26:30.166-03:00  INFO 28644 --- [main] org.atmosphere.cpr.AtmosphereFramework   : Installed WebSocketProtocol org.atmosphere.websocket.protocol.SimpleHttpProtocol 
2026-06-27T19:26:30.168-03:00  INFO 28644 --- [main] o.a.container.JSR356AsyncSupport         : JSR 356 Mapping path /VAADIN/push
2026-06-27T19:26:30.173-03:00  INFO 28644 --- [main] org.atmosphere.cpr.AtmosphereFramework   : Installing Default AtmosphereInterceptors
2026-06-27T19:26:30.173-03:00  INFO 28644 --- [main] org.atmosphere.cpr.AtmosphereFramework   : 	org.atmosphere.interceptor.CorsInterceptor : CORS Interceptor Support
2026-06-27T19:26:30.173-03:00  INFO 28644 --- [main] org.atmosphere.cpr.AtmosphereFramework   : 	org.atmosphere.interceptor.CacheHeadersInterceptor : Default Response's Headers Interceptor
2026-06-27T19:26:30.173-03:00  INFO 28644 --- [main] org.atmosphere.cpr.AtmosphereFramework   : 	org.atmosphere.interceptor.PaddingAtmosphereInterceptor : Browser Padding Interceptor Support
2026-06-27T19:26:30.174-03:00  INFO 28644 --- [main] org.atmosphere.cpr.AtmosphereFramework   : 	org.atmosphere.interceptor.AndroidAtmosphereInterceptor : Android Interceptor Support
2026-06-27T19:26:30.174-03:00  INFO 28644 --- [main] org.atmosphere.cpr.AtmosphereFramework   : 	org.atmosphere.interceptor.HeartbeatInterceptor : Heartbeat Interceptor Support
2026-06-27T19:26:30.174-03:00  INFO 28644 --- [main] org.atmosphere.cpr.AtmosphereFramework   : 	org.atmosphere.interceptor.SSEAtmosphereInterceptor : SSE Interceptor Support
2026-06-27T19:26:30.174-03:00  INFO 28644 --- [main] org.atmosphere.cpr.AtmosphereFramework   : 	org.atmosphere.interceptor.JSONPAtmosphereInterceptor : JSONP Interceptor Support
2026-06-27T19:26:30.174-03:00  INFO 28644 --- [main] org.atmosphere.cpr.AtmosphereFramework   : 	org.atmosphere.interceptor.JavaScriptProtocol : Atmosphere JavaScript Protocol
2026-06-27T19:26:30.174-03:00  INFO 28644 --- [main] org.atmosphere.cpr.AtmosphereFramework   : 	org.atmosphere.interceptor.WebSocketMessageSuspendInterceptor : org.atmosphere.interceptor.WebSocketMessageSuspendInterceptor
2026-06-27T19:26:30.174-03:00  INFO 28644 --- [main] org.atmosphere.cpr.AtmosphereFramework   : 	org.atmosphere.interceptor.OnDisconnectInterceptor : Browser disconnection detection
2026-06-27T19:26:30.175-03:00  INFO 28644 --- [main] org.atmosphere.cpr.AtmosphereFramework   : 	org.atmosphere.interceptor.IdleResourceInterceptor : org.atmosphere.interceptor.IdleResourceInterceptor
2026-06-27T19:26:30.175-03:00  INFO 28644 --- [main] org.atmosphere.cpr.AtmosphereFramework   : Set org.atmosphere.cpr.AtmosphereInterceptor.disableDefaults to disable them.
2026-06-27T19:26:30.175-03:00  INFO 28644 --- [main] org.atmosphere.cpr.AtmosphereFramework   : Installed AtmosphereInterceptor CORS Interceptor Support with priority FIRST_BEFORE_DEFAULT 
2026-06-27T19:26:30.175-03:00  INFO 28644 --- [main] org.atmosphere.cpr.AtmosphereFramework   : Installed AtmosphereInterceptor Default Response's Headers Interceptor with priority AFTER_DEFAULT 
2026-06-27T19:26:30.175-03:00  INFO 28644 --- [main] org.atmosphere.cpr.AtmosphereFramework   : Installed AtmosphereInterceptor Browser Padding Interceptor Support with priority AFTER_DEFAULT 
2026-06-27T19:26:30.175-03:00  INFO 28644 --- [main] org.atmosphere.cpr.AtmosphereFramework   : Installed AtmosphereInterceptor Android Interceptor Support with priority AFTER_DEFAULT 
2026-06-27T19:26:30.175-03:00  INFO 28644 --- [main] o.a.interceptor.HeartbeatInterceptor     : HeartbeatInterceptor configured with padding value 'X', client frequency 0 seconds and server frequency 60 seconds
2026-06-27T19:26:30.175-03:00  INFO 28644 --- [main] org.atmosphere.cpr.AtmosphereFramework   : Installed AtmosphereInterceptor Heartbeat Interceptor Support with priority AFTER_DEFAULT 
2026-06-27T19:26:30.175-03:00  INFO 28644 --- [main] org.atmosphere.cpr.AtmosphereFramework   : Installed AtmosphereInterceptor SSE Interceptor Support with priority AFTER_DEFAULT 
2026-06-27T19:26:30.176-03:00  INFO 28644 --- [main] org.atmosphere.cpr.AtmosphereFramework   : Installed AtmosphereInterceptor JSONP Interceptor Support with priority AFTER_DEFAULT 
2026-06-27T19:26:30.176-03:00  INFO 28644 --- [main] org.atmosphere.cpr.AtmosphereFramework   : Installed AtmosphereInterceptor Atmosphere JavaScript Protocol with priority AFTER_DEFAULT 
2026-06-27T19:26:30.176-03:00  INFO 28644 --- [main] org.atmosphere.cpr.AtmosphereFramework   : Installed AtmosphereInterceptor org.atmosphere.interceptor.WebSocketMessageSuspendInterceptor with priority AFTER_DEFAULT 
2026-06-27T19:26:30.176-03:00  INFO 28644 --- [main] org.atmosphere.cpr.AtmosphereFramework   : Installed AtmosphereInterceptor Browser disconnection detection with priority AFTER_DEFAULT 
2026-06-27T19:26:30.176-03:00  INFO 28644 --- [main] org.atmosphere.cpr.AtmosphereFramework   : Installed AtmosphereInterceptor org.atmosphere.interceptor.IdleResourceInterceptor with priority BEFORE_DEFAULT 
2026-06-27T19:26:30.176-03:00  INFO 28644 --- [main] org.atmosphere.cpr.AtmosphereFramework   : Using EndpointMapper class org.atmosphere.util.DefaultEndpointMapper
2026-06-27T19:26:30.176-03:00  INFO 28644 --- [main] org.atmosphere.cpr.AtmosphereFramework   : Using BroadcasterCache: org.atmosphere.cache.UUIDBroadcasterCache
2026-06-27T19:26:30.176-03:00  INFO 28644 --- [main] org.atmosphere.cpr.AtmosphereFramework   : Default Broadcaster Class: org.atmosphere.cpr.DefaultBroadcaster
2026-06-27T19:26:30.176-03:00  INFO 28644 --- [main] org.atmosphere.cpr.AtmosphereFramework   : Broadcaster Shared List Resources: false
2026-06-27T19:26:30.176-03:00  INFO 28644 --- [main] org.atmosphere.cpr.AtmosphereFramework   : Broadcaster Polling Wait Time 100
2026-06-27T19:26:30.176-03:00  INFO 28644 --- [main] org.atmosphere.cpr.AtmosphereFramework   : Shared ExecutorService supported: true
2026-06-27T19:26:30.176-03:00  INFO 28644 --- [main] org.atmosphere.cpr.AtmosphereFramework   : Messaging ExecutorService Pool Size unavailable - Not instance of ThreadPoolExecutor
2026-06-27T19:26:30.176-03:00  INFO 28644 --- [main] org.atmosphere.cpr.AtmosphereFramework   : Async I/O Thread Pool Size: 200
2026-06-27T19:26:30.176-03:00  INFO 28644 --- [main] org.atmosphere.cpr.AtmosphereFramework   : Using BroadcasterFactory: org.atmosphere.cpr.DefaultBroadcasterFactory
2026-06-27T19:26:30.176-03:00  INFO 28644 --- [main] org.atmosphere.cpr.AtmosphereFramework   : Using AtmosphereResurceFactory: org.atmosphere.cpr.DefaultAtmosphereResourceFactory
2026-06-27T19:26:30.176-03:00  INFO 28644 --- [main] org.atmosphere.cpr.AtmosphereFramework   : Using WebSocketProcessor: org.atmosphere.websocket.DefaultWebSocketProcessor
2026-06-27T19:26:30.177-03:00  INFO 28644 --- [main] org.atmosphere.cpr.AtmosphereFramework   : Invoke AtmosphereInterceptor on WebSocket message true
2026-06-27T19:26:30.177-03:00  INFO 28644 --- [main] org.atmosphere.cpr.AtmosphereFramework   : HttpSession supported: true
2026-06-27T19:26:30.177-03:00  INFO 28644 --- [main] org.atmosphere.cpr.AtmosphereFramework   : Atmosphere is using org.atmosphere.inject.InjectableObjectFactory for dependency injection and object creation
2026-06-27T19:26:30.177-03:00  INFO 28644 --- [main] org.atmosphere.cpr.AtmosphereFramework   : Atmosphere is using async support: org.atmosphere.container.JSR356AsyncSupport running under container: Apache Tomcat/11.0.22 using jakarta.servlet/3.0 and jsr356/WebSocket API
2026-06-27T19:26:30.177-03:00  INFO 28644 --- [main] org.atmosphere.cpr.AtmosphereFramework   : Atmosphere Framework 3.0.5.slf4jvaadin1 started.
2026-06-27T19:26:30.180-03:00  INFO 28644 --- [main] org.atmosphere.cpr.AtmosphereFramework   : Installed AtmosphereInterceptor  Track Message Size Interceptor using | with priority BEFORE_DEFAULT 
2026-06-27T19:26:30.207-03:00  INFO 28644 --- [main] c.v.f.s.DefaultDeploymentConfiguration   : 
Vaadin is running in DEVELOPMENT mode - do not use for production deployments.
2026-06-27T19:26:30.231-03:00  INFO 28644 --- [main] o.s.boot.tomcat.TomcatWebServer          : Tomcat started on port 8090 (http) with context path '/'
2026-06-27T19:26:30.237-03:00  INFO 28644 --- [main] com.visus.central.CentralApplication     : Started CentralApplication in 8.645 seconds (process running for 8.963)
2026-06-27T19:26:30.240-03:00 DEBUG 28644 --- [scheduling-1] c.v.c.a.scheduler.CajaRefreshScheduler   : Scheduler: enviando refresh de Caja
2026-06-27T19:26:30.241-03:00 DEBUG 28644 --- [scheduling-1] c.v.c.i.util.PagoBroadcaster             : Broadcasting pago realizado a 0 UIs activas
2026-06-27T19:26:30.278-03:00  INFO 28644 --- [main] c.v.b.d.DevModeHandlerManagerImpl        : Application running at http://localhost:8090/
2026-06-27T19:26:30.714-03:00  INFO 28644 --- [http-nio-127.0.0.1-8090-exec-1] o.a.c.c.C.[Tomcat].[localhost].[/]       : Initializing Spring DispatcherServlet 'dispatcherServlet'
2026-06-27T19:26:30.714-03:00  INFO 28644 --- [http-nio-127.0.0.1-8090-exec-1] o.s.web.servlet.DispatcherServlet        : Initializing Servlet 'dispatcherServlet'
2026-06-27T19:26:30.715-03:00  INFO 28644 --- [http-nio-127.0.0.1-8090-exec-1] o.s.web.servlet.DispatcherServlet        : Completed initialization in 1 ms
2026-06-27T19:27:00.386-03:00 DEBUG 28644 --- [http-nio-127.0.0.1-8090-exec-3] org.hibernate.SQL                        : select jue1_0.id,jue1_0.password,jue1_0.role,jue1_0.username from users jue1_0 where jue1_0.username=?
2026-06-27T19:27:00.498-03:00 DEBUG 28644 --- [http-nio-127.0.0.1-8090-exec-3] org.hibernate.SQL                        : select jue1_0.id,jue1_0.password,jue1_0.role,jue1_0.username from users jue1_0 where jue1_0.username=?
2026-06-27T19:27:00.561-03:00 DEBUG 28644 --- [http-nio-127.0.0.1-8090-exec-3] org.hibernate.SQL                        : select jue1_0.id,jue1_0.password,jue1_0.role,jue1_0.username from users jue1_0 where jue1_0.username=?
2026-06-27T19:27:00.627-03:00 DEBUG 28644 --- [http-nio-127.0.0.1-8090-exec-3] org.hibernate.SQL                        : select jpve1_0.id,jpve1_0.puede_ver,jpve1_0.usuario_id,jpve1_0.vista_clase from permisos_usuario jpve1_0 where jpve1_0.usuario_id=? and jpve1_0.vista_clase=?
2026-06-27T19:27:13.000-03:00 DEBUG 28644 --- [http-nio-127.0.0.1-8090-exec-2] org.hibernate.SQL                        : select jue1_0.id,jue1_0.password,jue1_0.role,jue1_0.username from users jue1_0 where jue1_0.username=?
2026-06-27T19:27:13.054-03:00 DEBUG 28644 --- [http-nio-127.0.0.1-8090-exec-2] org.hibernate.SQL                        : select jpve1_0.id,jpve1_0.puede_ver,jpve1_0.usuario_id,jpve1_0.vista_clase from permisos_usuario jpve1_0 where jpve1_0.usuario_id=? and jpve1_0.vista_clase=?
2026-06-27T19:27:13.164-03:00 DEBUG 28644 --- [http-nio-127.0.0.1-8090-exec-2] org.hibernate.SQL                        : select jce1_0.idcliente,jce1_0.email,jce1_0.estado,jce1_0.fecha_actualizacion,jce1_0.fecha_baja,jce1_0.fecha_ingreso,jce1_0.fecha_ultimacompra,jce1_0.limite_credito,jce1_0.limite_facturasvencidas,jce1_0.nombre_cliente,jce1_0.nombre_fantasia,jce1_0.numero,jce1_0.observaciones,jce1_0.pago_minimo,jce1_0.saldo_ctacte,jce1_0.sexo,jce1_0.situacion_fiscal,jce1_0.telefono_fijo,jce1_0.telefono_movil,jce1_0.documento from clientes jce1_0
2026-06-27T19:27:15.534-03:00 DEBUG 28644 --- [http-nio-127.0.0.1-8090-exec-4] org.hibernate.SQL                        : select jue1_0.id,jue1_0.password,jue1_0.role,jue1_0.username from users jue1_0 where jue1_0.username=?
2026-06-27T19:27:15.585-03:00 DEBUG 28644 --- [http-nio-127.0.0.1-8090-exec-4] org.hibernate.SQL                        : select jpve1_0.id,jpve1_0.puede_ver,jpve1_0.usuario_id,jpve1_0.vista_clase from permisos_usuario jpve1_0 where jpve1_0.usuario_id=? and jpve1_0.vista_clase=?
2026-06-27T19:27:15.697-03:00 DEBUG 28644 --- [http-nio-127.0.0.1-8090-exec-4] org.hibernate.SQL                        : select jce1_0.idcliente,jce1_0.email,jce1_0.estado,jce1_0.fecha_actualizacion,jce1_0.fecha_baja,jce1_0.fecha_ingreso,jce1_0.fecha_ultimacompra,jce1_0.limite_credito,jce1_0.limite_facturasvencidas,jce1_0.nombre_cliente,jce1_0.nombre_fantasia,jce1_0.numero,jce1_0.observaciones,jce1_0.pago_minimo,jce1_0.saldo_ctacte,jce1_0.sexo,jce1_0.situacion_fiscal,jce1_0.telefono_fijo,jce1_0.telefono_movil,jce1_0.documento from clientes jce1_0
2026-06-27T19:28:30.246-03:00 DEBUG 28644 --- [scheduling-1] c.v.c.a.scheduler.CajaRefreshScheduler   : Scheduler: enviando refresh de Caja
2026-06-27T19:28:30.246-03:00 DEBUG 28644 --- [scheduling-1] c.v.c.i.util.PagoBroadcaster             : Broadcasting pago realizado a 0 UIs activas
2026-06-27T19:30:30.254-03:00 DEBUG 28644 --- [scheduling-1] c.v.c.a.scheduler.CajaRefreshScheduler   : Scheduler: enviando refresh de Caja
2026-06-27T19:30:30.254-03:00 DEBUG 28644 --- [scheduling-1] c.v.c.i.util.PagoBroadcaster             : Broadcasting pago realizado a 0 UIs activas
2026-06-27T19:32:30.263-03:00 DEBUG 28644 --- [scheduling-1] c.v.c.a.scheduler.CajaRefreshScheduler   : Scheduler: enviando refresh de Caja
2026-06-27T19:32:30.263-03:00 DEBUG 28644 --- [scheduling-1] c.v.c.i.util.PagoBroadcaster             : Broadcasting pago realizado a 0 UIs activas
2026-06-27T19:32:52.432-03:00 DEBUG 28644 --- [http-nio-127.0.0.1-8090-exec-7] org.hibernate.SQL                        : select jue1_0.id,jue1_0.password,jue1_0.role,jue1_0.username from users jue1_0 where jue1_0.username=?
2026-06-27T19:32:52.528-03:00 DEBUG 28644 --- [http-nio-127.0.0.1-8090-exec-7] org.hibernate.SQL                        : select jue1_0.id,jue1_0.password,jue1_0.role,jue1_0.username from users jue1_0 where jue1_0.username=?
2026-06-27T19:32:52.592-03:00 DEBUG 28644 --- [http-nio-127.0.0.1-8090-exec-7] org.hibernate.SQL                        : select jue1_0.id,jue1_0.password,jue1_0.role,jue1_0.username from users jue1_0 where jue1_0.username=?
2026-06-27T19:32:52.647-03:00 DEBUG 28644 --- [http-nio-127.0.0.1-8090-exec-7] org.hibernate.SQL                        : select jpve1_0.id,jpve1_0.puede_ver,jpve1_0.usuario_id,jpve1_0.vista_clase from permisos_usuario jpve1_0 where jpve1_0.usuario_id=? and jpve1_0.vista_clase=?
2026-06-27T19:34:30.275-03:00 DEBUG 28644 --- [scheduling-1] c.v.c.a.scheduler.CajaRefreshScheduler   : Scheduler: enviando refresh de Caja
2026-06-27T19:34:30.275-03:00 DEBUG 28644 --- [scheduling-1] c.v.c.i.util.PagoBroadcaster             : Broadcasting pago realizado a 0 UIs activas
2026-06-27T19:36:16.112-03:00  INFO 24960 --- [main] com.visus.central.CentralApplication     : Starting CentralApplication using Java 25 with PID 24960 (D:\workspaces\java\workspace_main\central\target\classes started by Usuario in D:\workspaces\java\workspace_main\central)
2026-06-27T19:36:16.113-03:00 DEBUG 24960 --- [main] com.visus.central.CentralApplication     : Running with Spring Boot v4.1.0, Spring v7.0.8
2026-06-27T19:36:16.113-03:00  INFO 24960 --- [main] com.visus.central.CentralApplication     : The following 1 profile is active: "dev"
2026-06-27T19:36:16.761-03:00  INFO 24960 --- [main] .s.d.r.c.RepositoryConfigurationDelegate : Bootstrapping Spring Data JPA repositories in DEFAULT mode.
2026-06-27T19:36:16.888-03:00  INFO 24960 --- [main] .s.d.r.c.RepositoryConfigurationDelegate : Finished Spring Data repository scanning in 121 ms. Found 36 JPA repository interfaces.
2026-06-27T19:36:17.257-03:00  INFO 24960 --- [main] o.s.boot.tomcat.TomcatWebServer          : Tomcat initialized with port 8090 (http)
2026-06-27T19:36:17.269-03:00  INFO 24960 --- [main] o.apache.catalina.core.StandardService   : Starting service [Tomcat]
2026-06-27T19:36:17.269-03:00  INFO 24960 --- [main] o.apache.catalina.core.StandardEngine    : Starting Servlet engine: [Apache Tomcat/11.0.22]
2026-06-27T19:36:17.316-03:00  INFO 24960 --- [main] b.w.c.s.WebApplicationContextInitializer : Root WebApplicationContext: initialization completed in 1172 ms
2026-06-27T19:36:19.700-03:00  INFO 24960 --- [main] c.v.f.s.VaadinServletContextInitializer  : Search for subclasses and classes with annotations took 1625 ms
2026-06-27T19:36:19.761-03:00  INFO 24960 --- [main] c.v.b.d.startup.DevModeStartupListener   : Starting dev-mode updaters in D:\workspaces\java\workspace_main\central folder.
2026-06-27T19:36:19.786-03:00  INFO 24960 --- [main] c.v.f.s.f.s.FullDependenciesScanner      : Visited 174 classes. Took 15 ms.
2026-06-27T19:36:19.787-03:00  INFO 24960 --- [main] c.v.f.s.frontend.BundleValidationUtil    : Checking if a development mode bundle build is needed
2026-06-27T19:36:19.877-03:00  INFO 24960 --- [main] c.v.f.s.frontend.BundleValidationUtil    : A development mode bundle build is not needed
2026-06-27T19:36:19.894-03:00  INFO 24960 --- [vaadin-dev-server-1] c.v.f.s.frontend.TaskCopyFrontendFiles   : Copying frontend resources from jar files ...
2026-06-27T19:36:19.932-03:00  INFO 24960 --- [vaadin-dev-server-1] c.v.f.s.frontend.TaskCopyFrontendFiles   : Visited 20 resources. Took 38 ms.
2026-06-27T19:36:20.098-03:00  WARN 24960 --- [main] com.zaxxer.hikari.HikariConfig           : HikariPool-1 - idleTimeout has been set but has no effect because the pool is operating as a fixed size pool.
2026-06-27T19:36:20.098-03:00  INFO 24960 --- [main] com.zaxxer.hikari.HikariDataSource       : HikariPool-1 - Starting...
2026-06-27T19:36:20.389-03:00  INFO 24960 --- [main] com.zaxxer.hikari.pool.HikariPool        : HikariPool-1 - Added connection org.postgresql.jdbc.PgConnection@7a69f4e3
2026-06-27T19:36:20.390-03:00  INFO 24960 --- [main] com.zaxxer.hikari.HikariDataSource       : HikariPool-1 - Start completed.
2026-06-27T19:36:20.430-03:00  INFO 24960 --- [main] org.flywaydb.core.FlywayExecutor         : Database: jdbc:postgresql://10.144.239.221:5432/visus (PostgreSQL 15.14)
2026-06-27T19:36:20.817-03:00  INFO 24960 --- [main] o.f.core.internal.command.DbValidate     : Successfully validated 17 migrations (execution time 00:00.115s)
2026-06-27T19:36:21.133-03:00  INFO 24960 --- [main] o.f.core.internal.command.DbMigrate      : Current version of schema "public": 16
2026-06-27T19:36:21.161-03:00  INFO 24960 --- [main] o.f.core.internal.command.DbMigrate      : Schema "public" is up to date. No migration necessary.
2026-06-27T19:36:21.364-03:00  INFO 24960 --- [main] org.hibernate.orm.jpa                    : HHH008540: Processing PersistenceUnitInfo [name: default]
2026-06-27T19:36:21.382-03:00  INFO 24960 --- [main] org.hibernate.orm.core                   : HHH000001: Hibernate ORM core version 7.4.1.Final
2026-06-27T19:36:21.524-03:00  INFO 24960 --- [main] o.s.o.j.p.SpringPersistenceUnitInfo      : No LoadTimeWeaver setup: ignoring JPA class transformer
2026-06-27T19:36:21.572-03:00  WARN 24960 --- [main] org.hibernate.orm.deprecation            : HHH90000025: PostgreSQLDialect does not need to be specified explicitly using 'hibernate.dialect' (remove the property setting and it will be selected by default)
2026-06-27T19:36:21.662-03:00  INFO 24960 --- [main] org.hibernate.orm.connections.pooling    : HHH10001005: Database info:
	Database JDBC URL [jdbc:postgresql://10.144.239.221:5432/visus]
	Database driver: PostgreSQL JDBC Driver
	Database dialect: PostgreSQLDialect
	Database version: 15.14
	Default catalog/schema: visus/public
	Autocommit mode: undefined/unknown
	Isolation level: READ_COMMITTED [default READ_COMMITTED]
	JDBC fetch size: none
	Pool: DataSourceConnectionProvider
	Minimum pool size: undefined/unknown
	Maximum pool size: undefined/unknown
2026-06-27T19:36:22.626-03:00  INFO 24960 --- [main] org.hibernate.orm.core                   : HHH000489: No JTA platform available (set 'hibernate.transaction.jta.platform' to enable JTA platform integration)
2026-06-27T19:36:22.630-03:00  INFO 24960 --- [main] j.LocalContainerEntityManagerFactoryBean : Initialized JPA EntityManagerFactory for persistence unit 'default'
2026-06-27T19:36:22.666-03:00  INFO 24960 --- [main] o.s.d.j.r.query.QueryEnhancerFactories   : Hibernate is in classpath; If applicable, HQL parser will be used.
2026-06-27T19:36:23.592-03:00  INFO 24960 --- [main] c.v.c.i.util.ViewScannerService          : Skipping excluded view: com.visus.central.ui.view.DepartamentoView
2026-06-27T19:36:23.594-03:00  INFO 24960 --- [main] c.v.c.i.util.ViewScannerService          : Skipping excluded view: com.visus.central.ui.view.ProveedoresCrud
2026-06-27T19:36:23.595-03:00  INFO 24960 --- [main] c.v.c.i.util.ViewScannerService          : Registered 29 views for permission control
2026-06-27T19:36:23.657-03:00 DEBUG 24960 --- [main] org.hibernate.SQL                        : select jpve1_0.id,jpve1_0.puede_ver,jpve1_0.usuario_id,jpve1_0.vista_clase from permisos_usuario jpve1_0
2026-06-27T19:36:23.754-03:00  WARN 24960 --- [main] JpaBaseConfiguration$JpaWebConfiguration : spring.jpa.open-in-view is enabled by default. Therefore, database queries may be performed during view rendering. Explicitly configure spring.jpa.open-in-view to disable this warning
2026-06-27T19:36:23.784-03:00  WARN 24960 --- [main] .s.a.UserDetailsServiceAutoConfiguration : 

Using generated security password: 161594fe-0f2c-4ada-9d3a-76ef09fc45a8

This generated password is for development use only. Your security configuration must be updated before running your application in production.

2026-06-27T19:36:23.787-03:00  INFO 24960 --- [main] r$InitializeUserDetailsManagerConfigurer : Global AuthenticationManager configured with UserDetailsService bean with name inMemoryUserDetailsManager
2026-06-27T19:36:24.024-03:00  INFO 24960 --- [main] o.s.b.a.e.web.EndpointLinksResolver      : Exposing 1 endpoint beneath base path '/actuator'
2026-06-27T19:36:24.041-03:00  INFO 24960 --- [main] org.atmosphere.cpr.AtmosphereFramework   : Installed AtmosphereHandler com.vaadin.flow.server.communication.PushAtmosphereHandler mapped to context-path: /*
2026-06-27T19:36:24.041-03:00  INFO 24960 --- [main] org.atmosphere.cpr.AtmosphereFramework   : Installed the following AtmosphereInterceptor mapped to AtmosphereHandler com.vaadin.flow.server.communication.PushAtmosphereHandler
2026-06-27T19:36:24.054-03:00  INFO 24960 --- [main] org.atmosphere.cpr.AtmosphereFramework   : Atmosphere is using org.atmosphere.util.VoidAnnotationProcessor for processing annotation
2026-06-27T19:36:24.057-03:00  INFO 24960 --- [main] org.atmosphere.util.ForkJoinPool         : Using ForkJoinPool  java.util.concurrent.ForkJoinPool. Set the org.atmosphere.cpr.broadcaster.maxAsyncWriteThreads to -1 to fully use its power.
2026-06-27T19:36:24.059-03:00  INFO 24960 --- [main] org.atmosphere.cpr.AtmosphereFramework   : Installed WebSocketProtocol org.atmosphere.websocket.protocol.SimpleHttpProtocol 
2026-06-27T19:36:24.061-03:00  INFO 24960 --- [main] o.a.container.JSR356AsyncSupport         : JSR 356 Mapping path /VAADIN/push
2026-06-27T19:36:24.065-03:00  INFO 24960 --- [main] org.atmosphere.cpr.AtmosphereFramework   : Installing Default AtmosphereInterceptors
2026-06-27T19:36:24.065-03:00  INFO 24960 --- [main] org.atmosphere.cpr.AtmosphereFramework   : 	org.atmosphere.interceptor.CorsInterceptor : CORS Interceptor Support
2026-06-27T19:36:24.065-03:00  INFO 24960 --- [main] org.atmosphere.cpr.AtmosphereFramework   : 	org.atmosphere.interceptor.CacheHeadersInterceptor : Default Response's Headers Interceptor
2026-06-27T19:36:24.066-03:00  INFO 24960 --- [main] org.atmosphere.cpr.AtmosphereFramework   : 	org.atmosphere.interceptor.PaddingAtmosphereInterceptor : Browser Padding Interceptor Support
2026-06-27T19:36:24.066-03:00  INFO 24960 --- [main] org.atmosphere.cpr.AtmosphereFramework   : 	org.atmosphere.interceptor.AndroidAtmosphereInterceptor : Android Interceptor Support
2026-06-27T19:36:24.066-03:00  INFO 24960 --- [main] org.atmosphere.cpr.AtmosphereFramework   : 	org.atmosphere.interceptor.HeartbeatInterceptor : Heartbeat Interceptor Support
2026-06-27T19:36:24.066-03:00  INFO 24960 --- [main] org.atmosphere.cpr.AtmosphereFramework   : 	org.atmosphere.interceptor.SSEAtmosphereInterceptor : SSE Interceptor Support
2026-06-27T19:36:24.066-03:00  INFO 24960 --- [main] org.atmosphere.cpr.AtmosphereFramework   : 	org.atmosphere.interceptor.JSONPAtmosphereInterceptor : JSONP Interceptor Support
2026-06-27T19:36:24.067-03:00  INFO 24960 --- [main] org.atmosphere.cpr.AtmosphereFramework   : 	org.atmosphere.interceptor.JavaScriptProtocol : Atmosphere JavaScript Protocol
2026-06-27T19:36:24.067-03:00  INFO 24960 --- [main] org.atmosphere.cpr.AtmosphereFramework   : 	org.atmosphere.interceptor.WebSocketMessageSuspendInterceptor : org.atmosphere.interceptor.WebSocketMessageSuspendInterceptor
2026-06-27T19:36:24.067-03:00  INFO 24960 --- [main] org.atmosphere.cpr.AtmosphereFramework   : 	org.atmosphere.interceptor.OnDisconnectInterceptor : Browser disconnection detection
2026-06-27T19:36:24.067-03:00  INFO 24960 --- [main] org.atmosphere.cpr.AtmosphereFramework   : 	org.atmosphere.interceptor.IdleResourceInterceptor : org.atmosphere.interceptor.IdleResourceInterceptor
2026-06-27T19:36:24.067-03:00  INFO 24960 --- [main] org.atmosphere.cpr.AtmosphereFramework   : Set org.atmosphere.cpr.AtmosphereInterceptor.disableDefaults to disable them.
2026-06-27T19:36:24.067-03:00  INFO 24960 --- [main] org.atmosphere.cpr.AtmosphereFramework   : Installed AtmosphereInterceptor CORS Interceptor Support with priority FIRST_BEFORE_DEFAULT 
2026-06-27T19:36:24.068-03:00  INFO 24960 --- [main] org.atmosphere.cpr.AtmosphereFramework   : Installed AtmosphereInterceptor Default Response's Headers Interceptor with priority AFTER_DEFAULT 
2026-06-27T19:36:24.068-03:00  INFO 24960 --- [main] org.atmosphere.cpr.AtmosphereFramework   : Installed AtmosphereInterceptor Browser Padding Interceptor Support with priority AFTER_DEFAULT 
2026-06-27T19:36:24.068-03:00  INFO 24960 --- [main] org.atmosphere.cpr.AtmosphereFramework   : Installed AtmosphereInterceptor Android Interceptor Support with priority AFTER_DEFAULT 
2026-06-27T19:36:24.068-03:00  INFO 24960 --- [main] o.a.interceptor.HeartbeatInterceptor     : HeartbeatInterceptor configured with padding value 'X', client frequency 0 seconds and server frequency 60 seconds
2026-06-27T19:36:24.068-03:00  INFO 24960 --- [main] org.atmosphere.cpr.AtmosphereFramework   : Installed AtmosphereInterceptor Heartbeat Interceptor Support with priority AFTER_DEFAULT 
2026-06-27T19:36:24.068-03:00  INFO 24960 --- [main] org.atmosphere.cpr.AtmosphereFramework   : Installed AtmosphereInterceptor SSE Interceptor Support with priority AFTER_DEFAULT 
2026-06-27T19:36:24.068-03:00  INFO 24960 --- [main] org.atmosphere.cpr.AtmosphereFramework   : Installed AtmosphereInterceptor JSONP Interceptor Support with priority AFTER_DEFAULT 
2026-06-27T19:36:24.068-03:00  INFO 24960 --- [main] org.atmosphere.cpr.AtmosphereFramework   : Installed AtmosphereInterceptor Atmosphere JavaScript Protocol with priority AFTER_DEFAULT 
2026-06-27T19:36:24.068-03:00  INFO 24960 --- [main] org.atmosphere.cpr.AtmosphereFramework   : Installed AtmosphereInterceptor org.atmosphere.interceptor.WebSocketMessageSuspendInterceptor with priority AFTER_DEFAULT 
2026-06-27T19:36:24.068-03:00  INFO 24960 --- [main] org.atmosphere.cpr.AtmosphereFramework   : Installed AtmosphereInterceptor Browser disconnection detection with priority AFTER_DEFAULT 
2026-06-27T19:36:24.068-03:00  INFO 24960 --- [main] org.atmosphere.cpr.AtmosphereFramework   : Installed AtmosphereInterceptor org.atmosphere.interceptor.IdleResourceInterceptor with priority BEFORE_DEFAULT 
2026-06-27T19:36:24.069-03:00  INFO 24960 --- [main] org.atmosphere.cpr.AtmosphereFramework   : Using EndpointMapper class org.atmosphere.util.DefaultEndpointMapper
2026-06-27T19:36:24.069-03:00  INFO 24960 --- [main] org.atmosphere.cpr.AtmosphereFramework   : Using BroadcasterCache: org.atmosphere.cache.UUIDBroadcasterCache
2026-06-27T19:36:24.069-03:00  INFO 24960 --- [main] org.atmosphere.cpr.AtmosphereFramework   : Default Broadcaster Class: org.atmosphere.cpr.DefaultBroadcaster
2026-06-27T19:36:24.069-03:00  INFO 24960 --- [main] org.atmosphere.cpr.AtmosphereFramework   : Broadcaster Shared List Resources: false
2026-06-27T19:36:24.069-03:00  INFO 24960 --- [main] org.atmosphere.cpr.AtmosphereFramework   : Broadcaster Polling Wait Time 100
2026-06-27T19:36:24.069-03:00  INFO 24960 --- [main] org.atmosphere.cpr.AtmosphereFramework   : Shared ExecutorService supported: true
2026-06-27T19:36:24.069-03:00  INFO 24960 --- [main] org.atmosphere.cpr.AtmosphereFramework   : Messaging ExecutorService Pool Size unavailable - Not instance of ThreadPoolExecutor
2026-06-27T19:36:24.069-03:00  INFO 24960 --- [main] org.atmosphere.cpr.AtmosphereFramework   : Async I/O Thread Pool Size: 200
2026-06-27T19:36:24.069-03:00  INFO 24960 --- [main] org.atmosphere.cpr.AtmosphereFramework   : Using BroadcasterFactory: org.atmosphere.cpr.DefaultBroadcasterFactory
2026-06-27T19:36:24.069-03:00  INFO 24960 --- [main] org.atmosphere.cpr.AtmosphereFramework   : Using AtmosphereResurceFactory: org.atmosphere.cpr.DefaultAtmosphereResourceFactory
2026-06-27T19:36:24.069-03:00  INFO 24960 --- [main] org.atmosphere.cpr.AtmosphereFramework   : Using WebSocketProcessor: org.atmosphere.websocket.DefaultWebSocketProcessor
2026-06-27T19:36:24.070-03:00  INFO 24960 --- [main] org.atmosphere.cpr.AtmosphereFramework   : Invoke AtmosphereInterceptor on WebSocket message true
2026-06-27T19:36:24.070-03:00  INFO 24960 --- [main] org.atmosphere.cpr.AtmosphereFramework   : HttpSession supported: true
2026-06-27T19:36:24.070-03:00  INFO 24960 --- [main] org.atmosphere.cpr.AtmosphereFramework   : Atmosphere is using org.atmosphere.inject.InjectableObjectFactory for dependency injection and object creation
2026-06-27T19:36:24.070-03:00  INFO 24960 --- [main] org.atmosphere.cpr.AtmosphereFramework   : Atmosphere is using async support: org.atmosphere.container.JSR356AsyncSupport running under container: Apache Tomcat/11.0.22 using jakarta.servlet/3.0 and jsr356/WebSocket API
2026-06-27T19:36:24.070-03:00  INFO 24960 --- [main] org.atmosphere.cpr.AtmosphereFramework   : Atmosphere Framework 3.0.5.slf4jvaadin1 started.
2026-06-27T19:36:24.073-03:00  INFO 24960 --- [main] org.atmosphere.cpr.AtmosphereFramework   : Installed AtmosphereInterceptor  Track Message Size Interceptor using | with priority BEFORE_DEFAULT 
2026-06-27T19:36:24.091-03:00  WARN 24960 --- [main] ConfigServletWebServerApplicationContext : Exception encountered during context initialization - cancelling refresh attempt: org.springframework.context.ApplicationContextException: Failed to start bean 'webServerStartStop'
2026-06-27T19:36:24.096-03:00  INFO 24960 --- [main] j.LocalContainerEntityManagerFactoryBean : Closing JPA EntityManagerFactory for persistence unit 'default'
2026-06-27T19:36:24.098-03:00  INFO 24960 --- [main] com.zaxxer.hikari.HikariDataSource       : HikariPool-1 - Shutdown initiated...
2026-06-27T19:36:24.362-03:00  INFO 24960 --- [main] com.zaxxer.hikari.HikariDataSource       : HikariPool-1 - Shutdown completed.
2026-06-27T19:36:24.373-03:00  INFO 24960 --- [main] .s.b.a.l.ConditionEvaluationReportLogger : 

Error starting ApplicationContext. To display the condition evaluation report re-run your application with 'debug' enabled.
2026-06-27T19:36:24.379-03:00 ERROR 24960 --- [main] o.s.b.d.LoggingFailureAnalysisReporter   : 

***************************
APPLICATION FAILED TO START
***************************

Description:

Web server failed to start. Port 8090 was already in use.

Action:

Identify and stop the process that's listening on port 8090 or configure this application to listen on another port.

2026-06-27T19:36:30.289-03:00 DEBUG 28644 --- [scheduling-1] c.v.c.a.scheduler.CajaRefreshScheduler   : Scheduler: enviando refresh de Caja
2026-06-27T19:36:30.289-03:00 DEBUG 28644 --- [scheduling-1] c.v.c.i.util.PagoBroadcaster             : Broadcasting pago realizado a 0 UIs activas
2026-06-27T19:37:02.242-03:00 DEBUG 28644 --- [http-nio-127.0.0.1-8090-exec-4] org.hibernate.SQL                        : select jue1_0.id,jue1_0.password,jue1_0.role,jue1_0.username from users jue1_0 where jue1_0.username=?
2026-06-27T19:37:02.294-03:00 DEBUG 28644 --- [http-nio-127.0.0.1-8090-exec-4] org.hibernate.SQL                        : select jpve1_0.id,jpve1_0.puede_ver,jpve1_0.usuario_id,jpve1_0.vista_clase from permisos_usuario jpve1_0 where jpve1_0.usuario_id=? and jpve1_0.vista_clase=?
2026-06-27T19:37:12.821-03:00  INFO 5352 --- [main] com.visus.central.CentralApplication     : Starting CentralApplication using Java 25 with PID 5352 (D:\workspaces\java\workspace_main\central\target\classes started by Usuario in D:\workspaces\java\workspace_main\central)
2026-06-27T19:37:12.823-03:00 DEBUG 5352 --- [main] com.visus.central.CentralApplication     : Running with Spring Boot v4.1.0, Spring v7.0.8
2026-06-27T19:37:12.823-03:00  INFO 5352 --- [main] com.visus.central.CentralApplication     : The following 1 profile is active: "dev"
2026-06-27T19:37:13.751-03:00  INFO 5352 --- [main] .s.d.r.c.RepositoryConfigurationDelegate : Bootstrapping Spring Data JPA repositories in DEFAULT mode.
2026-06-27T19:37:13.906-03:00  INFO 5352 --- [main] .s.d.r.c.RepositoryConfigurationDelegate : Finished Spring Data repository scanning in 147 ms. Found 36 JPA repository interfaces.
2026-06-27T19:37:14.256-03:00  INFO 5352 --- [main] o.s.boot.tomcat.TomcatWebServer          : Tomcat initialized with port 8090 (http)
2026-06-27T19:37:14.266-03:00  INFO 5352 --- [main] o.apache.catalina.core.StandardService   : Starting service [Tomcat]
2026-06-27T19:37:14.267-03:00  INFO 5352 --- [main] o.apache.catalina.core.StandardEngine    : Starting Servlet engine: [Apache Tomcat/11.0.22]
2026-06-27T19:37:14.310-03:00  INFO 5352 --- [main] b.w.c.s.WebApplicationContextInitializer : Root WebApplicationContext: initialization completed in 1455 ms
2026-06-27T19:37:16.313-03:00  INFO 5352 --- [main] c.v.f.s.VaadinServletContextInitializer  : Search for subclasses and classes with annotations took 1328 ms
2026-06-27T19:37:16.374-03:00  INFO 5352 --- [main] c.v.b.d.startup.DevModeStartupListener   : Starting dev-mode updaters in D:\workspaces\java\workspace_main\central folder.
2026-06-27T19:37:16.396-03:00  INFO 5352 --- [main] c.v.f.s.f.s.FullDependenciesScanner      : Visited 174 classes. Took 14 ms.
2026-06-27T19:37:16.398-03:00  INFO 5352 --- [main] c.v.f.s.frontend.BundleValidationUtil    : Checking if a development mode bundle build is needed
2026-06-27T19:37:16.490-03:00  INFO 5352 --- [main] c.v.f.s.frontend.BundleValidationUtil    : A development mode bundle build is not needed
2026-06-27T19:37:16.505-03:00  INFO 5352 --- [vaadin-dev-server-1] c.v.f.s.frontend.TaskCopyFrontendFiles   : Copying frontend resources from jar files ...
2026-06-27T19:37:16.548-03:00  INFO 5352 --- [vaadin-dev-server-1] c.v.f.s.frontend.TaskCopyFrontendFiles   : Visited 20 resources. Took 42 ms.
2026-06-27T19:37:16.718-03:00  WARN 5352 --- [main] com.zaxxer.hikari.HikariConfig           : HikariPool-1 - idleTimeout has been set but has no effect because the pool is operating as a fixed size pool.
2026-06-27T19:37:16.718-03:00  INFO 5352 --- [main] com.zaxxer.hikari.HikariDataSource       : HikariPool-1 - Starting...
2026-06-27T19:37:17.019-03:00  INFO 5352 --- [main] com.zaxxer.hikari.pool.HikariPool        : HikariPool-1 - Added connection org.postgresql.jdbc.PgConnection@7a69f4e3
2026-06-27T19:37:17.020-03:00  INFO 5352 --- [main] com.zaxxer.hikari.HikariDataSource       : HikariPool-1 - Start completed.
2026-06-27T19:37:17.068-03:00  INFO 5352 --- [main] org.flywaydb.core.FlywayExecutor         : Database: jdbc:postgresql://10.144.239.221:5432/visus (PostgreSQL 15.14)
2026-06-27T19:37:17.473-03:00  INFO 5352 --- [main] o.f.core.internal.command.DbValidate     : Successfully validated 17 migrations (execution time 00:00.125s)
2026-06-27T19:37:17.783-03:00  INFO 5352 --- [main] o.f.core.internal.command.DbMigrate      : Current version of schema "public": 16
2026-06-27T19:37:17.810-03:00  INFO 5352 --- [main] o.f.core.internal.command.DbMigrate      : Schema "public" is up to date. No migration necessary.
2026-06-27T19:37:18.004-03:00  INFO 5352 --- [main] org.hibernate.orm.jpa                    : HHH008540: Processing PersistenceUnitInfo [name: default]
2026-06-27T19:37:18.022-03:00  INFO 5352 --- [main] org.hibernate.orm.core                   : HHH000001: Hibernate ORM core version 7.4.1.Final
2026-06-27T19:37:18.161-03:00  INFO 5352 --- [main] o.s.o.j.p.SpringPersistenceUnitInfo      : No LoadTimeWeaver setup: ignoring JPA class transformer
2026-06-27T19:37:18.454-03:00  WARN 5352 --- [main] org.hibernate.orm.deprecation            : HHH90000025: PostgreSQLDialect does not need to be specified explicitly using 'hibernate.dialect' (remove the property setting and it will be selected by default)
2026-06-27T19:37:18.540-03:00  INFO 5352 --- [main] org.hibernate.orm.connections.pooling    : HHH10001005: Database info:
	Database JDBC URL [jdbc:postgresql://10.144.239.221:5432/visus]
	Database driver: PostgreSQL JDBC Driver
	Database dialect: PostgreSQLDialect
	Database version: 15.14
	Default catalog/schema: visus/public
	Autocommit mode: undefined/unknown
	Isolation level: READ_COMMITTED [default READ_COMMITTED]
	JDBC fetch size: none
	Pool: DataSourceConnectionProvider
	Minimum pool size: undefined/unknown
	Maximum pool size: undefined/unknown
2026-06-27T19:37:19.164-03:00  INFO 5352 --- [main] org.hibernate.orm.core                   : HHH000489: No JTA platform available (set 'hibernate.transaction.jta.platform' to enable JTA platform integration)
2026-06-27T19:37:19.167-03:00  INFO 5352 --- [main] j.LocalContainerEntityManagerFactoryBean : Initialized JPA EntityManagerFactory for persistence unit 'default'
2026-06-27T19:37:19.204-03:00  INFO 5352 --- [main] o.s.d.j.r.query.QueryEnhancerFactories   : Hibernate is in classpath; If applicable, HQL parser will be used.
2026-06-27T19:37:20.158-03:00  INFO 5352 --- [main] c.v.c.i.util.ViewScannerService          : Skipping excluded view: com.visus.central.ui.view.DepartamentoView
2026-06-27T19:37:20.160-03:00  INFO 5352 --- [main] c.v.c.i.util.ViewScannerService          : Skipping excluded view: com.visus.central.ui.view.ProveedoresCrud
2026-06-27T19:37:20.161-03:00  INFO 5352 --- [main] c.v.c.i.util.ViewScannerService          : Registered 29 views for permission control
2026-06-27T19:37:20.225-03:00 DEBUG 5352 --- [main] org.hibernate.SQL                        : select jpve1_0.id,jpve1_0.puede_ver,jpve1_0.usuario_id,jpve1_0.vista_clase from permisos_usuario jpve1_0
2026-06-27T19:37:20.319-03:00  WARN 5352 --- [main] JpaBaseConfiguration$JpaWebConfiguration : spring.jpa.open-in-view is enabled by default. Therefore, database queries may be performed during view rendering. Explicitly configure spring.jpa.open-in-view to disable this warning
2026-06-27T19:37:20.351-03:00  WARN 5352 --- [main] .s.a.UserDetailsServiceAutoConfiguration : 

Using generated security password: d908dec3-8c95-4bbc-9659-55d6fc5eafe0

This generated password is for development use only. Your security configuration must be updated before running your application in production.

2026-06-27T19:37:20.355-03:00  INFO 5352 --- [main] r$InitializeUserDetailsManagerConfigurer : Global AuthenticationManager configured with UserDetailsService bean with name inMemoryUserDetailsManager
2026-06-27T19:37:20.619-03:00  INFO 5352 --- [main] o.s.b.a.e.web.EndpointLinksResolver      : Exposing 1 endpoint beneath base path '/actuator'
2026-06-27T19:37:20.638-03:00  INFO 5352 --- [main] org.atmosphere.cpr.AtmosphereFramework   : Installed AtmosphereHandler com.vaadin.flow.server.communication.PushAtmosphereHandler mapped to context-path: /*
2026-06-27T19:37:20.638-03:00  INFO 5352 --- [main] org.atmosphere.cpr.AtmosphereFramework   : Installed the following AtmosphereInterceptor mapped to AtmosphereHandler com.vaadin.flow.server.communication.PushAtmosphereHandler
2026-06-27T19:37:20.651-03:00  INFO 5352 --- [main] org.atmosphere.cpr.AtmosphereFramework   : Atmosphere is using org.atmosphere.util.VoidAnnotationProcessor for processing annotation
2026-06-27T19:37:20.655-03:00  INFO 5352 --- [main] org.atmosphere.util.ForkJoinPool         : Using ForkJoinPool  java.util.concurrent.ForkJoinPool. Set the org.atmosphere.cpr.broadcaster.maxAsyncWriteThreads to -1 to fully use its power.
2026-06-27T19:37:20.657-03:00  INFO 5352 --- [main] org.atmosphere.cpr.AtmosphereFramework   : Installed WebSocketProtocol org.atmosphere.websocket.protocol.SimpleHttpProtocol 
2026-06-27T19:37:20.659-03:00  INFO 5352 --- [main] o.a.container.JSR356AsyncSupport         : JSR 356 Mapping path /VAADIN/push
2026-06-27T19:37:20.664-03:00  INFO 5352 --- [main] org.atmosphere.cpr.AtmosphereFramework   : Installing Default AtmosphereInterceptors
2026-06-27T19:37:20.664-03:00  INFO 5352 --- [main] org.atmosphere.cpr.AtmosphereFramework   : 	org.atmosphere.interceptor.CorsInterceptor : CORS Interceptor Support
2026-06-27T19:37:20.664-03:00  INFO 5352 --- [main] org.atmosphere.cpr.AtmosphereFramework   : 	org.atmosphere.interceptor.CacheHeadersInterceptor : Default Response's Headers Interceptor
2026-06-27T19:37:20.664-03:00  INFO 5352 --- [main] org.atmosphere.cpr.AtmosphereFramework   : 	org.atmosphere.interceptor.PaddingAtmosphereInterceptor : Browser Padding Interceptor Support
2026-06-27T19:37:20.665-03:00  INFO 5352 --- [main] org.atmosphere.cpr.AtmosphereFramework   : 	org.atmosphere.interceptor.AndroidAtmosphereInterceptor : Android Interceptor Support
2026-06-27T19:37:20.665-03:00  INFO 5352 --- [main] org.atmosphere.cpr.AtmosphereFramework   : 	org.atmosphere.interceptor.HeartbeatInterceptor : Heartbeat Interceptor Support
2026-06-27T19:37:20.665-03:00  INFO 5352 --- [main] org.atmosphere.cpr.AtmosphereFramework   : 	org.atmosphere.interceptor.SSEAtmosphereInterceptor : SSE Interceptor Support
2026-06-27T19:37:20.665-03:00  INFO 5352 --- [main] org.atmosphere.cpr.AtmosphereFramework   : 	org.atmosphere.interceptor.JSONPAtmosphereInterceptor : JSONP Interceptor Support
2026-06-27T19:37:20.665-03:00  INFO 5352 --- [main] org.atmosphere.cpr.AtmosphereFramework   : 	org.atmosphere.interceptor.JavaScriptProtocol : Atmosphere JavaScript Protocol
2026-06-27T19:37:20.666-03:00  INFO 5352 --- [main] org.atmosphere.cpr.AtmosphereFramework   : 	org.atmosphere.interceptor.WebSocketMessageSuspendInterceptor : org.atmosphere.interceptor.WebSocketMessageSuspendInterceptor
2026-06-27T19:37:20.666-03:00  INFO 5352 --- [main] org.atmosphere.cpr.AtmosphereFramework   : 	org.atmosphere.interceptor.OnDisconnectInterceptor : Browser disconnection detection
2026-06-27T19:37:20.666-03:00  INFO 5352 --- [main] org.atmosphere.cpr.AtmosphereFramework   : 	org.atmosphere.interceptor.IdleResourceInterceptor : org.atmosphere.interceptor.IdleResourceInterceptor
2026-06-27T19:37:20.666-03:00  INFO 5352 --- [main] org.atmosphere.cpr.AtmosphereFramework   : Set org.atmosphere.cpr.AtmosphereInterceptor.disableDefaults to disable them.
2026-06-27T19:37:20.666-03:00  INFO 5352 --- [main] org.atmosphere.cpr.AtmosphereFramework   : Installed AtmosphereInterceptor CORS Interceptor Support with priority FIRST_BEFORE_DEFAULT 
2026-06-27T19:37:20.666-03:00  INFO 5352 --- [main] org.atmosphere.cpr.AtmosphereFramework   : Installed AtmosphereInterceptor Default Response's Headers Interceptor with priority AFTER_DEFAULT 
2026-06-27T19:37:20.666-03:00  INFO 5352 --- [main] org.atmosphere.cpr.AtmosphereFramework   : Installed AtmosphereInterceptor Browser Padding Interceptor Support with priority AFTER_DEFAULT 
2026-06-27T19:37:20.666-03:00  INFO 5352 --- [main] org.atmosphere.cpr.AtmosphereFramework   : Installed AtmosphereInterceptor Android Interceptor Support with priority AFTER_DEFAULT 
2026-06-27T19:37:20.667-03:00  INFO 5352 --- [main] o.a.interceptor.HeartbeatInterceptor     : HeartbeatInterceptor configured with padding value 'X', client frequency 0 seconds and server frequency 60 seconds
2026-06-27T19:37:20.667-03:00  INFO 5352 --- [main] org.atmosphere.cpr.AtmosphereFramework   : Installed AtmosphereInterceptor Heartbeat Interceptor Support with priority AFTER_DEFAULT 
2026-06-27T19:37:20.667-03:00  INFO 5352 --- [main] org.atmosphere.cpr.AtmosphereFramework   : Installed AtmosphereInterceptor SSE Interceptor Support with priority AFTER_DEFAULT 
2026-06-27T19:37:20.667-03:00  INFO 5352 --- [main] org.atmosphere.cpr.AtmosphereFramework   : Installed AtmosphereInterceptor JSONP Interceptor Support with priority AFTER_DEFAULT 
2026-06-27T19:37:20.667-03:00  INFO 5352 --- [main] org.atmosphere.cpr.AtmosphereFramework   : Installed AtmosphereInterceptor Atmosphere JavaScript Protocol with priority AFTER_DEFAULT 
2026-06-27T19:37:20.667-03:00  INFO 5352 --- [main] org.atmosphere.cpr.AtmosphereFramework   : Installed AtmosphereInterceptor org.atmosphere.interceptor.WebSocketMessageSuspendInterceptor with priority AFTER_DEFAULT 
2026-06-27T19:37:20.667-03:00  INFO 5352 --- [main] org.atmosphere.cpr.AtmosphereFramework   : Installed AtmosphereInterceptor Browser disconnection detection with priority AFTER_DEFAULT 
2026-06-27T19:37:20.667-03:00  INFO 5352 --- [main] org.atmosphere.cpr.AtmosphereFramework   : Installed AtmosphereInterceptor org.atmosphere.interceptor.IdleResourceInterceptor with priority BEFORE_DEFAULT 
2026-06-27T19:37:20.667-03:00  INFO 5352 --- [main] org.atmosphere.cpr.AtmosphereFramework   : Using EndpointMapper class org.atmosphere.util.DefaultEndpointMapper
2026-06-27T19:37:20.667-03:00  INFO 5352 --- [main] org.atmosphere.cpr.AtmosphereFramework   : Using BroadcasterCache: org.atmosphere.cache.UUIDBroadcasterCache
2026-06-27T19:37:20.667-03:00  INFO 5352 --- [main] org.atmosphere.cpr.AtmosphereFramework   : Default Broadcaster Class: org.atmosphere.cpr.DefaultBroadcaster
2026-06-27T19:37:20.667-03:00  INFO 5352 --- [main] org.atmosphere.cpr.AtmosphereFramework   : Broadcaster Shared List Resources: false
2026-06-27T19:37:20.668-03:00  INFO 5352 --- [main] org.atmosphere.cpr.AtmosphereFramework   : Broadcaster Polling Wait Time 100
2026-06-27T19:37:20.668-03:00  INFO 5352 --- [main] org.atmosphere.cpr.AtmosphereFramework   : Shared ExecutorService supported: true
2026-06-27T19:37:20.668-03:00  INFO 5352 --- [main] org.atmosphere.cpr.AtmosphereFramework   : Messaging ExecutorService Pool Size unavailable - Not instance of ThreadPoolExecutor
2026-06-27T19:37:20.668-03:00  INFO 5352 --- [main] org.atmosphere.cpr.AtmosphereFramework   : Async I/O Thread Pool Size: 200
2026-06-27T19:37:20.668-03:00  INFO 5352 --- [main] org.atmosphere.cpr.AtmosphereFramework   : Using BroadcasterFactory: org.atmosphere.cpr.DefaultBroadcasterFactory
2026-06-27T19:37:20.668-03:00  INFO 5352 --- [main] org.atmosphere.cpr.AtmosphereFramework   : Using AtmosphereResurceFactory: org.atmosphere.cpr.DefaultAtmosphereResourceFactory
2026-06-27T19:37:20.668-03:00  INFO 5352 --- [main] org.atmosphere.cpr.AtmosphereFramework   : Using WebSocketProcessor: org.atmosphere.websocket.DefaultWebSocketProcessor
2026-06-27T19:37:20.669-03:00  INFO 5352 --- [main] org.atmosphere.cpr.AtmosphereFramework   : Invoke AtmosphereInterceptor on WebSocket message true
2026-06-27T19:37:20.669-03:00  INFO 5352 --- [main] org.atmosphere.cpr.AtmosphereFramework   : HttpSession supported: true
2026-06-27T19:37:20.669-03:00  INFO 5352 --- [main] org.atmosphere.cpr.AtmosphereFramework   : Atmosphere is using org.atmosphere.inject.InjectableObjectFactory for dependency injection and object creation
2026-06-27T19:37:20.669-03:00  INFO 5352 --- [main] org.atmosphere.cpr.AtmosphereFramework   : Atmosphere is using async support: org.atmosphere.container.JSR356AsyncSupport running under container: Apache Tomcat/11.0.22 using jakarta.servlet/3.0 and jsr356/WebSocket API
2026-06-27T19:37:20.669-03:00  INFO 5352 --- [main] org.atmosphere.cpr.AtmosphereFramework   : Atmosphere Framework 3.0.5.slf4jvaadin1 started.
2026-06-27T19:37:20.672-03:00  INFO 5352 --- [main] org.atmosphere.cpr.AtmosphereFramework   : Installed AtmosphereInterceptor  Track Message Size Interceptor using | with priority BEFORE_DEFAULT 
2026-06-27T19:37:20.700-03:00  INFO 5352 --- [main] c.v.f.s.DefaultDeploymentConfiguration   : 
Vaadin is running in DEVELOPMENT mode - do not use for production deployments.
2026-06-27T19:37:20.733-03:00  INFO 5352 --- [main] o.s.boot.tomcat.TomcatWebServer          : Tomcat started on port 8090 (http) with context path '/'
2026-06-27T19:37:20.739-03:00  INFO 5352 --- [main] com.visus.central.CentralApplication     : Started CentralApplication in 8.125 seconds (process running for 8.388)
2026-06-27T19:37:20.742-03:00 DEBUG 5352 --- [scheduling-1] c.v.c.a.scheduler.CajaRefreshScheduler   : Scheduler: enviando refresh de Caja
2026-06-27T19:37:20.743-03:00 DEBUG 5352 --- [scheduling-1] c.v.c.i.util.PagoBroadcaster             : Broadcasting pago realizado a 0 UIs activas
2026-06-27T19:37:20.789-03:00  INFO 5352 --- [main] c.v.b.d.DevModeHandlerManagerImpl        : Application running at http://localhost:8090/
2026-06-27T19:37:21.669-03:00  INFO 5352 --- [http-nio-127.0.0.1-8090-exec-1] o.a.c.c.C.[Tomcat].[localhost].[/]       : Initializing Spring DispatcherServlet 'dispatcherServlet'
2026-06-27T19:37:21.669-03:00  INFO 5352 --- [http-nio-127.0.0.1-8090-exec-1] o.s.web.servlet.DispatcherServlet        : Initializing Servlet 'dispatcherServlet'
2026-06-27T19:37:21.670-03:00  INFO 5352 --- [http-nio-127.0.0.1-8090-exec-1] o.s.web.servlet.DispatcherServlet        : Completed initialization in 1 ms
2026-06-27T19:37:30.748-03:00 DEBUG 5352 --- [http-nio-127.0.0.1-8090-exec-9] org.hibernate.SQL                        : select jue1_0.id,jue1_0.password,jue1_0.role,jue1_0.username from users jue1_0 where jue1_0.username=?
2026-06-27T19:37:30.858-03:00 DEBUG 5352 --- [http-nio-127.0.0.1-8090-exec-9] org.hibernate.SQL                        : select jue1_0.id,jue1_0.password,jue1_0.role,jue1_0.username from users jue1_0 where jue1_0.username=?
2026-06-27T19:37:30.905-03:00 DEBUG 5352 --- [http-nio-127.0.0.1-8090-exec-9] org.hibernate.SQL                        : select jue1_0.id,jue1_0.password,jue1_0.role,jue1_0.username from users jue1_0 where jue1_0.username=?
2026-06-27T19:37:30.968-03:00 DEBUG 5352 --- [http-nio-127.0.0.1-8090-exec-9] org.hibernate.SQL                        : select jpve1_0.id,jpve1_0.puede_ver,jpve1_0.usuario_id,jpve1_0.vista_clase from permisos_usuario jpve1_0 where jpve1_0.usuario_id=? and jpve1_0.vista_clase=?
2026-06-27T19:37:34.265-03:00 DEBUG 5352 --- [http-nio-127.0.0.1-8090-exec-6] org.hibernate.SQL                        : select jue1_0.id,jue1_0.password,jue1_0.role,jue1_0.username from users jue1_0 where jue1_0.username=?
2026-06-27T19:37:34.305-03:00 DEBUG 5352 --- [http-nio-127.0.0.1-8090-exec-6] org.hibernate.SQL                        : select jpve1_0.id,jpve1_0.puede_ver,jpve1_0.usuario_id,jpve1_0.vista_clase from permisos_usuario jpve1_0 where jpve1_0.usuario_id=? and jpve1_0.vista_clase=?
2026-06-27T19:37:34.431-03:00 DEBUG 5352 --- [http-nio-127.0.0.1-8090-exec-6] org.hibernate.SQL                        : select jce1_0.idcliente,jce1_0.email,jce1_0.estado,jce1_0.fecha_actualizacion,jce1_0.fecha_baja,jce1_0.fecha_ingreso,jce1_0.fecha_ultimacompra,jce1_0.limite_credito,jce1_0.limite_facturasvencidas,jce1_0.nombre_cliente,jce1_0.nombre_fantasia,jce1_0.numero,jce1_0.observaciones,jce1_0.pago_minimo,jce1_0.saldo_ctacte,jce1_0.sexo,jce1_0.situacion_fiscal,jce1_0.telefono_fijo,jce1_0.telefono_movil,jce1_0.documento from clientes jce1_0
2026-06-27T19:37:38.677-03:00 DEBUG 5352 --- [http-nio-127.0.0.1-8090-exec-6] org.hibernate.SQL                        : select ppe1_0.idplan_pago,ppe1_0.estado,ppe1_0.fecha_pago,ppe1_0.fecha_vencimiento,ppe1_0.idcliente,ppe1_0.idcoeficiente,ppe1_0.idtipo_pago,ppe1_0.idventa,ppe1_0.monto_descuento_total,ppe1_0.monto_original,ppe1_0.monto_pagado,ppe1_0.nro_cuota from plan_pagos ppe1_0 where ppe1_0.idcliente=? and ppe1_0.estado in ('PENDIENTE','PARCIAL')
2026-06-27T19:37:38.704-03:00 DEBUG 5352 --- [http-nio-127.0.0.1-8090-exec-6] org.hibernate.SQL                        : select jnce1_0.id,jnce1_0.cliente_id,jnce1_0.consumido,jnce1_0.fecha,jnce1_0.monto,jnce1_0.observaciones from notas_credito jnce1_0 where jnce1_0.cliente_id=? and jnce1_0.consumido=false
2026-06-27T19:37:40.103-03:00 DEBUG 5352 --- [http-nio-127.0.0.1-8090-exec-9] org.hibernate.SQL                        : select jue1_0.id,jue1_0.password,jue1_0.role,jue1_0.username from users jue1_0 where jue1_0.username=?
2026-06-27T19:37:40.158-03:00 DEBUG 5352 --- [http-nio-127.0.0.1-8090-exec-9] org.hibernate.SQL                        : select jpve1_0.id,jpve1_0.puede_ver,jpve1_0.usuario_id,jpve1_0.vista_clase from permisos_usuario jpve1_0 where jpve1_0.usuario_id=? and jpve1_0.vista_clase=?
2026-06-27T19:37:40.259-03:00 DEBUG 5352 --- [http-nio-127.0.0.1-8090-exec-9] org.hibernate.SQL                        : select jce1_0.idcliente,jce1_0.email,jce1_0.estado,jce1_0.fecha_actualizacion,jce1_0.fecha_baja,jce1_0.fecha_ingreso,jce1_0.fecha_ultimacompra,jce1_0.limite_credito,jce1_0.limite_facturasvencidas,jce1_0.nombre_cliente,jce1_0.nombre_fantasia,jce1_0.numero,jce1_0.observaciones,jce1_0.pago_minimo,jce1_0.saldo_ctacte,jce1_0.sexo,jce1_0.situacion_fiscal,jce1_0.telefono_fijo,jce1_0.telefono_movil,jce1_0.documento from clientes jce1_0
2026-06-27T19:37:42.567-03:00  INFO 5352 --- [http-nio-127.0.0.1-8090-exec-2] c.v.central.ui.component.AbstractForm    : AbstractForm.setEntity() - Entidad: Cliente ID: 2276
2026-06-27T19:37:42.567-03:00  INFO 5352 --- [http-nio-127.0.0.1-8090-exec-2] c.v.central.ui.component.AbstractForm    : setFormValues() - Llamando a método personalizado
2026-06-27T19:37:42.605-03:00 DEBUG 5352 --- [http-nio-127.0.0.1-8090-exec-2] org.hibernate.SQL                        : select jde1_0.iddomicilio,jde1_0.barrio,jde1_0.calle,jde1_0.casa,jde1_0.idcliente,jde1_0.depto,jde1_0.idlocalidad,jde1_0.lote,jde1_0.manzana,jde1_0.numero,jde1_0.oficina,jde1_0.sector,jde1_0.tipodomicilio,jde1_0.idvendedor from domicilios jde1_0 where jde1_0.idcliente=?
2026-06-27T19:37:42.677-03:00 DEBUG 5352 --- [http-nio-127.0.0.1-8090-exec-2] org.hibernate.SQL                        : select jgfe1_0.idgrupofam,jgfe1_0.idcliente,jgfe1_0.estado,jgfe1_0.nombre,jgfe1_0.numero,jgfe1_0.parentesco,jgfe1_0.documento from grupofam jgfe1_0 where jgfe1_0.idcliente=?
2026-06-27T19:37:42.755-03:00  INFO 5352 --- [http-nio-127.0.0.1-8090-exec-2] c.v.central.ui.component.AbstractForm    : binder.setBean() - Asignando bean
2026-06-27T19:37:42.756-03:00  INFO 5352 --- [http-nio-127.0.0.1-8090-exec-2] c.v.central.ui.component.AbstractForm    : Formulario cargado exitosamente para ID: 2276
2026-06-27T19:38:00.013-03:00 DEBUG 5352 --- [http-nio-127.0.0.1-8090-exec-8] org.hibernate.SQL                        : select jue1_0.id,jue1_0.password,jue1_0.role,jue1_0.username from users jue1_0 where jue1_0.username=?
2026-06-27T19:38:00.066-03:00 DEBUG 5352 --- [http-nio-127.0.0.1-8090-exec-8] org.hibernate.SQL                        : select jpve1_0.id,jpve1_0.puede_ver,jpve1_0.usuario_id,jpve1_0.vista_clase from permisos_usuario jpve1_0 where jpve1_0.usuario_id=? and jpve1_0.vista_clase=?
